# JRE version: Java(TM) SE Runtime Environment (8.0_181-b13) (build 1.8.0_181-b13)
# Java VM: Java HotSpot(TM) 64-Bit Server VM (25.181-b13 mixed mode windows-amd64 compressed oops)
Heap:
 PSYoungGen      total 32768K, used 6092K [0x00000000eab00000, 0x00000000ecc00000, 0x0000000100000000)
  eden space 31744K, 19% used [0x00000000eab00000,0x00000000eb0f3018,0x00000000eca00000)
  from space 1024K, 0% used [0x00000000eca00000,0x00000000eca00000,0x00000000ecb00000)
  to   space 1024K, 0% used [0x00000000ecb00000,0x00000000ecb00000,0x00000000ecc00000)
 ParOldGen       total 68608K, used 32114K [0x00000000c0000000, 0x00000000c4300000, 0x00000000eab00000)
  object space 68608K, 46% used [0x00000000c0000000,0x00000000c1f5ca80,0x00000000c4300000)
 Metaspace       used 51468K, capacity 54516K, committed 54656K, reserved 1097728K
  class space    used 6287K, capacity 7189K, committed 7296K, reserved 1048576K
GC Heap History (10 events):
Event: 38.106 GC heap before
{Heap before GC invocations=30 (full 2):
 PSYoungGen      total 32256K, used 32160K [0x00000000eab00000, 0x00000000ecc00000, 0x0000000100000000)
  eden space 31232K, 100% used [0x00000000eab00000,0x00000000ec980000,0x00000000ec980000)
  from space 1024K, 90% used [0x00000000ec980000,0x00000000eca68000,0x00000000eca80000)
  to   space 1024K, 0% used [0x00000000ecb00000,0x00000000ecb00000,0x00000000ecc00000)
 ParOldGen       total 68608K, used 33570K [0x00000000c0000000, 0x00000000c4300000, 0x00000000eab00000)
  object space 68608K, 48% used [0x00000000c0000000,0x00000000c20c8818,0x00000000c4300000)
 Metaspace       used 47413K, capacity 50086K, committed 50304K, reserved 1093632K
  class space    used 5854K, capacity 6719K, committed 6784K, reserved 1048576K
Event: 38.131 GC heap after
Heap after GC invocations=30 (full 2):
 PSYoungGen      total 32768K, used 928K [0x00000000eab00000, 0x00000000ecc00000, 0x0000000100000000)
  eden space 31744K, 0% used [0x00000000eab00000,0x00000000eab00000,0x00000000eca00000)
  from space 1024K, 90% used [0x00000000ecb00000,0x00000000ecbe8000,0x00000000ecc00000)
  to   space 1024K, 0% used [0x00000000eca00000,0x00000000eca00000,0x00000000ecb00000)
 ParOldGen       total 68608K, used 33578K [0x00000000c0000000, 0x00000000c4300000, 0x00000000eab00000)
  object space 68608K, 48% used [0x00000000c0000000,0x00000000c20ca818,0x00000000c4300000)
 Metaspace       used 47413K, capacity 50086K, committed 50304K, reserved 1093632K
  class space    used 5854K, capacity 6719K, committed 6784K, reserved 1048576K
}
Event: 38.327 GC heap before
{Heap before GC invocations=31 (full 2):
 PSYoungGen      total 32768K, used 32672K [0x00000000eab00000, 0x00000000ecc00000, 0x0000000100000000)
  eden space 31744K, 100% used [0x00000000eab00000,0x00000000eca00000,0x00000000eca00000)
  from space 1024K, 90% used [0x00000000ecb00000,0x00000000ecbe8000,0x00000000ecc00000)
  to   space 1024K, 0% used [0x00000000eca00000,0x00000000eca00000,0x00000000ecb00000)
 ParOldGen       total 68608K, used 33578K [0x00000000c0000000, 0x00000000c4300000, 0x00000000eab00000)
  object space 68608K, 48% used [0x00000000c0000000,0x00000000c20ca818,0x00000000c4300000)
 Metaspace       used 47413K, capacity 50086K, committed 50304K, reserved 1093632K
  class space    used 5854K, capacity 6719K, committed 6784K, reserved 1048576K
Event: 38.374 GC heap after
Heap after GC invocations=31 (full 2):
 PSYoungGen      total 32768K, used 928K [0x00000000eab00000, 0x00000000ecc00000, 0x0000000100000000)
  eden space 31744K, 0% used [0x00000000eab00000,0x00000000eab00000,0x00000000eca00000)
  from space 1024K, 90% used [0x00000000eca00000,0x00000000ecae8000,0x00000000ecb00000)
  to   space 1024K, 0% used [0x00000000ecb00000,0x00000000ecb00000,0x00000000ecc00000)
 ParOldGen       total 68608K, used 33586K [0x00000000c0000000, 0x00000000c4300000, 0x00000000eab00000)
  object space 68608K, 48% used [0x00000000c0000000,0x00000000c20cc818,0x00000000c4300000)
 Metaspace       used 47413K, capacity 50086K, committed 50304K, reserved 1093632K
  class space    used 5854K, capacity 6719K, committed 6784K, reserved 1048576K
}
Event: 39.681 GC heap before
{Heap before GC invocations=32 (full 2):
 PSYoungGen      total 32768K, used 32672K [0x00000000eab00000, 0x00000000ecc00000, 0x0000000100000000)
  eden space 31744K, 100% used [0x00000000eab00000,0x00000000eca00000,0x00000000eca00000)
  from space 1024K, 90% used [0x00000000eca00000,0x00000000ecae8000,0x00000000ecb00000)
  to   space 1024K, 0% used [0x00000000ecb00000,0x00000000ecb00000,0x00000000ecc00000)
 ParOldGen       total 68608K, used 33586K [0x00000000c0000000, 0x00000000c4300000, 0x00000000eab00000)
  object space 68608K, 48% used [0x00000000c0000000,0x00000000c20cc818,0x00000000c4300000)
 Metaspace       used 51149K, capacity 54146K, committed 54272K, reserved 1095680K
  class space    used 6253K, capacity 7151K, committed 7168K, reserved 1048576K
Event: 39.688 GC heap after
Heap after GC invocations=32 (full 2):
 PSYoungGen      total 32768K, used 1009K [0x00000000eab00000, 0x00000000ecc00000, 0x0000000100000000)
  eden space 31744K, 0% used [0x00000000eab00000,0x00000000eab00000,0x00000000eca00000)
  from space 1024K, 98% used [0x00000000ecb00000,0x00000000ecbfc490,0x00000000ecc00000)
  to   space 1024K, 0% used [0x00000000eca00000,0x00000000eca00000,0x00000000ecb00000)
 ParOldGen       total 68608K, used 38664K [0x00000000c0000000, 0x00000000c4300000, 0x00000000eab00000)
  object space 68608K, 56% used [0x00000000c0000000,0x00000000c25c2090,0x00000000c4300000)
 Metaspace       used 51149K, capacity 54146K, committed 54272K, reserved 1095680K
  class space    used 6253K, capacity 7151K, committed 7168K, reserved 1048576K
}
Event: 39.724 GC heap before
{Heap before GC invocations=33 (full 2):
 PSYoungGen      total 32768K, used 3938K [0x00000000eab00000, 0x00000000ecc00000, 0x0000000100000000)
  eden space 31744K, 9% used [0x00000000eab00000,0x00000000eaddc420,0x00000000eca00000)
  from space 1024K, 98% used [0x00000000ecb00000,0x00000000ecbfc490,0x00000000ecc00000)
  to   space 1024K, 0% used [0x00000000eca00000,0x00000000eca00000,0x00000000ecb00000)
 ParOldGen       total 68608K, used 38664K [0x00000000c0000000, 0x00000000c4300000, 0x00000000eab00000)
  object space 68608K, 56% used [0x00000000c0000000,0x00000000c25c2090,0x00000000c4300000)
 Metaspace       used 51257K, capacity 54226K, committed 54272K, reserved 1099776K
  class space    used 6267K, capacity 7155K, committed 7168K, reserved 1048576K
Event: 39.726 GC heap after
Heap after GC invocations=33 (full 2):
 PSYoungGen      total 32768K, used 1023K [0x00000000eab00000, 0x00000000ecc00000, 0x0000000100000000)
  eden space 31744K, 0% used [0x00000000eab00000,0x00000000eab00000,0x00000000eca00000)
  from space 1024K, 99% used [0x00000000eca00000,0x00000000ecaffee8,0x00000000ecb00000)
  to   space 1024K, 0% used [0x00000000ecb00000,0x00000000ecb00000,0x00000000ecc00000)
 ParOldGen       total 68608K, used 40150K [0x00000000c0000000, 0x00000000c4300000, 0x00000000eab00000)
  object space 68608K, 58% used [0x00000000c0000000,0x00000000c2735b98,0x00000000c4300000)
 Metaspace       used 51257K, capacity 54226K, committed 54272K, reserved 1099776K
  class space    used 6267K, capacity 7155K, committed 7168K, reserved 1048576K
}
Event: 39.726 GC heap before
{Heap before GC invocations=34 (full 3):
 PSYoungGen      total 32768K, used 1023K [0x00000000eab00000, 0x00000000ecc00000, 0x0000000100000000)
  eden space 31744K, 0% used [0x00000000eab00000,0x00000000eab00000,0x00000000eca00000)
  from space 1024K, 99% used [0x00000000eca00000,0x00000000ecaffee8,0x00000000ecb00000)
  to   space 1024K, 0% used [0x00000000ecb00000,0x00000000ecb00000,0x00000000ecc00000)
 ParOldGen       total 68608K, used 40150K [0x00000000c0000000, 0x00000000c4300000, 0x00000000eab00000)
  object space 68608K, 58% used [0x00000000c0000000,0x00000000c2735b98,0x00000000c4300000)
 Metaspace       used 51257K, capacity 54226K, committed 54272K, reserved 1099776K
  class space    used 6267K, capacity 7155K, committed 7168K, reserved 1048576K
Event: 39.983 GC heap after
Heap after GC invocations=34 (full 3):
 PSYoungGen      total 32768K, used 0K [0x00000000eab00000, 0x00000000ecc00000, 0x0000000100000000)
  eden space 31744K, 0% used [0x00000000eab00000,0x00000000eab00000,0x00000000eca00000)
  from space 1024K, 0% used [0x00000000eca00000,0x00000000eca00000,0x00000000ecb00000)
  to   space 1024K, 0% used [0x00000000ecb00000,0x00000000ecb00000,0x00000000ecc00000)
 ParOldGen       total 68608K, used 32114K [0x00000000c0000000, 0x00000000c4300000, 0x00000000eab00000)
  object space 68608K, 46% used [0x00000000c0000000,0x00000000c1f5ca80,0x00000000c4300000)
 Metaspace       used 51257K, capacity 54226K, committed 54272K, reserved 1097728K
  class space    used 6267K, capacity 7155K, committed 7168K, reserved 1048576K
}

